<?xml version="1.0" encoding="UTF-8"?>
<!-- Generated by org.testng.reporters.JUnitReportReporter -->
<testsuite hostname="DESKTOP-AHKD0UF" failures="0" tests="3" name="com.itlearn.testcases.LoginTestDataDrivenTesting" time="24.006" errors="0" timestamp="2023-10-30T10:06:36 MYT" skipped="0">
  <testcase classname="com.itlearn.testcases.LoginTestDataDrivenTesting" name="VerifyLogin" time="7.839"/>
  <system-out/>
  <testcase classname="com.itlearn.testcases.LoginTestDataDrivenTesting" name="VerifyLogin" time="5.463"/>
  <system-out/>
  <testcase classname="com.itlearn.testcases.LoginTestDataDrivenTesting" name="VerifyLogin" time="10.704"/>
  <system-out/>
</testsuite> <!-- com.itlearn.testcases.LoginTestDataDrivenTesting -->
