<?xml version="1.0" encoding="UTF-8"?>
<!-- Generated by org.testng.reporters.JUnitReportReporter -->
<testsuite hostname="DESKTOP-AHKD0UF" failures="0" tests="1" name="com.itlearn.testcases.SearchTest" time="5.210" errors="0" timestamp="2023-09-27T11:48:15 MYT" skipped="0">
  <testcase classname="com.itlearn.testcases.SearchTest" name="searchOrphanTest" time="5.210"/>
  <system-out/>
</testsuite> <!-- com.itlearn.testcases.SearchTest -->
