<?xml version="1.0" encoding="UTF-8"?>
<!-- Generated by org.testng.reporters.JUnitReportReporter -->
<testsuite hostname="DESKTOP-AHKD0UF" failures="0" tests="1" name="com.itlearn.testcases.SearchTest" time="5.254" errors="0" timestamp="2023-10-30T10:09:06 MYT" skipped="0">
  <testcase classname="com.itlearn.testcases.SearchTest" name="searchOrphanTest" time="5.254"/>
  <system-out/>
</testsuite> <!-- com.itlearn.testcases.SearchTest -->
