<?xml version="1.0" encoding="UTF-8"?>
<!-- Generated by org.testng.reporters.JUnitReportReporter -->
<testsuite hostname="DESKTOP-AHKD0UF" failures="0" tests="1" name="com.itlearn.testcases.LoginTest" time="3.311" errors="0" timestamp="2023-09-27T11:06:50 MYT" skipped="0">
  <testcase classname="com.itlearn.testcases.LoginTest" name="verifyLoginAdmin" time="3.311"/>
  <system-out/>
</testsuite> <!-- com.itlearn.testcases.LoginTest -->
