<?xml version="1.0" encoding="UTF-8"?>
<!-- Generated by org.testng.reporters.JUnitReportReporter -->
<testsuite hostname="DESKTOP-AHKD0UF" failures="0" tests="1" name="com.itlearn.testcases.LoginTest" time="6.911" errors="0" timestamp="2023-10-30T09:50:22 MYT" skipped="0">
  <testcase classname="com.itlearn.testcases.LoginTest" name="verifyLoginAdmin" time="6.911"/>
  <system-out/>
</testsuite> <!-- com.itlearn.testcases.LoginTest -->
