<?xml version="1.0" encoding="UTF-8"?>
<!-- Generated by org.testng.reporters.JUnitReportReporter -->
<testsuite hostname="DESKTOP-AHKD0UF" failures="0" tests="1" name="com.itlearn.testcases.SearchTest" time="7.375" errors="0" timestamp="2023-08-25T14:33:55 SGT" skipped="0">
  <testcase classname="com.itlearn.testcases.SearchTest" name="searchCourseTesr" time="7.375"/>
  <system-out/>
</testsuite> <!-- com.itlearn.testcases.SearchTest -->
